<?xml version="1.0" encoding="UTF-8"?>
<!-- Generated by org.testng.reporters.JUnitReportReporter -->
<testsuite hostname="DESKTOP-CTTM3RR" failures="0" tests="1" name="PS1" time="0.029" errors="0" timestamp="2024-03-02T10:58:21 IST" skipped="0">
  <testcase classname="PS1" name="test" time="0.029"/>
</testsuite> <!-- PS1 -->
